[debug] [2021-05-08T11:28:33.057Z] ----------------------------------------------------------------------
[debug] [2021-05-08T11:28:33.061Z] Command:       /usr/bin/node /usr/local/bin/firebase init
[debug] [2021-05-08T11:28:33.062Z] CLI Version:   9.10.0
[debug] [2021-05-08T11:28:33.062Z] Platform:      linux
[debug] [2021-05-08T11:28:33.062Z] Node Version:  v10.19.0
[debug] [2021-05-08T11:28:33.062Z] Time:          Sat May 08 2021 16:58:33 GMT+0530 (India Standard Time)
[debug] [2021-05-08T11:28:33.062Z] ----------------------------------------------------------------------
[debug] 
[debug] [2021-05-08T11:28:33.066Z] >>> [apiv2][query] GET https://firebase-public.firebaseio.com/cli.json [none]
[debug] [2021-05-08T11:28:33.096Z] > command requires scopes: ["email","openid","https://www.googleapis.com/auth/cloudplatformprojects.readonly","https://www.googleapis.com/auth/firebase","https://www.googleapis.com/auth/cloud-platform"]
[debug] [2021-05-08T11:28:33.096Z] > authorizing via signed-in user (maruthi.syn.ack@gmail.com)
[info] 
     ######## #### ########  ######## ########     ###     ######  ########
     ##        ##  ##     ## ##       ##     ##  ##   ##  ##       ##
     ######    ##  ########  ######   ########  #########  ######  ######
     ##        ##  ##    ##  ##       ##     ## ##     ##       ## ##
     ##       #### ##     ## ######## ########  ##     ##  ######  ########

You're about to initialize a Firebase project in this directory:

  /home/maruthi/Desktop/GIT HUB/Geeks_For_Geeks_SIT

[debug] [2021-05-08T11:28:34.874Z] <<< [apiv2][status] GET https://firebase-public.firebaseio.com/cli.json 200
[debug] [2021-05-08T11:28:34.876Z] <<< [apiv2][body] GET https://firebase-public.firebaseio.com/cli.json {"cloudBuildErrorAfter":1594252800000,"cloudBuildWarnAfter":1590019200000,"defaultNode10After":1594252800000,"minVersion":"3.0.5","node8DeploysDisabledAfter":1613390400000,"node8RuntimeDisabledAfter":1615809600000,"node8WarnAfter":1600128000000}
[info] 
=== Project Setup
[info] 
[info] First, let's associate this project directory with a Firebase project.
[info] You can create multiple project aliases by running firebase use --add, 
[info] but for now we'll just set up a default project.
[info] 
[debug] [2021-05-08T11:28:47.045Z] > refreshing access token with scopes: []
[debug] [2021-05-08T11:28:47.046Z] >>> HTTP REQUEST POST https://www.googleapis.com/oauth2/v3/token  
 <request body omitted>
[debug] [2021-05-08T11:28:47.890Z] <<< HTTP RESPONSE 200 {"cache-control":"no-cache, no-store, max-age=0, must-revalidate","expires":"Mon, 01 Jan 1990 00:00:00 GMT","date":"Sat, 08 May 2021 11:28:47 GMT","pragma":"no-cache","content-type":"application/json; charset=utf-8","vary":"X-Origin, Referer, Origin,Accept-Encoding","server":"scaffolding on HTTPServer2","x-xss-protection":"0","x-frame-options":"SAMEORIGIN","x-content-type-options":"nosniff","alt-svc":"h3-29=\":443\"; ma=2592000,h3-T051=\":443\"; ma=2592000,h3-Q050=\":443\"; ma=2592000,h3-Q046=\":443\"; ma=2592000,h3-Q043=\":443\"; ma=2592000,quic=\":443\"; ma=2592000; v=\"46,43\"","accept-ranges":"none","transfer-encoding":"chunked"}
[debug] [2021-05-08T11:28:47.903Z] >>> [apiv2][query] GET https://firebase.googleapis.com/v1beta1/projects pageSize=100
[debug] [2021-05-08T11:28:48.803Z] <<< [apiv2][status] GET https://firebase.googleapis.com/v1beta1/projects 200
[debug] [2021-05-08T11:28:48.805Z] <<< [apiv2][body] GET https://firebase.googleapis.com/v1beta1/projects [omitted]
[info] i  Using project gfg-sit-cb73d (gfg-sit) 
[info] 
=== Hosting Setup
[info] 
[info] Your public directory is the folder (relative to your project directory) that
[info] will contain Hosting assets to be uploaded with firebase deploy. If you
[info] have a build process for your assets, use your build's output directory.
[info] 
[info] ✔  Wrote /404.html 
[debug] [2021-05-08T11:29:12.351Z] >>> [apiv2][query] GET https://www.gstatic.com/firebasejs/releases.json [none]
[debug] [2021-05-08T11:29:13.097Z] <<< [apiv2][status] GET https://www.gstatic.com/firebasejs/releases.json 200
[debug] [2021-05-08T11:29:13.098Z] <<< [apiv2][body] GET https://www.gstatic.com/firebasejs/releases.json {"current":{"version":"8.5.0","browserURL":"https://www.gstatic.com/firebasejs/8.5.0/firebase.js","packageURL":"https://www.gstatic.com/firebasejs/8.5.0/firebase.tgz"},"live":{"version":"8.5","browserURL":"https://www.gstatic.com/firebasejs/live/8.5/firebase.js","packageURL":"https://www.gstatic.com/firebasejs/live/8.5/firebase.tgz"},"components":{"analytics":"https://www.gstatic.com/firebasejs/8.5.0/firebase-analytics.js","app":"https://www.gstatic.com/firebasejs/8.5.0/firebase-app.js","auth":"https://www.gstatic.com/firebasejs/8.5.0/firebase-auth.js","database":"https://www.gstatic.com/firebasejs/8.5.0/firebase-database.js","firestore":"https://www.gstatic.com/firebasejs/8.5.0/firebase-firestore.js","functions":"https://www.gstatic.com/firebasejs/8.5.0/firebase-functions.js","installations":"https://www.gstatic.com/firebasejs/8.5.0/firebase-installations.js","messaging":"https://www.gstatic.com/firebasejs/8.5.0/firebase-messaging.js","storage":"https://www.gstatic.com/firebasejs/8.5.0/firebase-storage.js","performance":"https://www.gstatic.com/firebasejs/8.5.0/firebase-performance.js","remote-config":"https://www.gstatic.com/firebasejs/8.5.0/firebase-remote-config.js","firestore.memory":"https://www.gstatic.com/firebasejs/8.5.0/firebase-firestore.memory.js"}}
[info] ✔  Wrote /index.html 
[info] 
[info] i  Detected a .git folder at /home/maruthi/Desktop/GIT HUB/Geeks_For_Geeks_SIT 
[info] i  Authorizing with GitHub to upload your service account to a GitHub repository's secrets store. 
[info] 
[info] Visit this URL on this device to log in:
[info] https://github.com/login/oauth/authorize?client_id=89cf50f02ac6aaed3484&state=250846076&redirect_uri=http%3A%2F%2Flocalhost%3A9005&scope=read%3Auser%20repo%20public_repo
[info] 
[info] Waiting for authentication...
[debug] [2021-05-08T11:29:19.789Z] >>> HTTP REQUEST POST https://github.com/login/oauth/access_token  
 {"client_id":"89cf50f02ac6aaed3484","client_secret":"3330d14abc895d9a74d5f17cd7a00711fa2c5bf0","code":"7a0d5a039ce6d0ae6965","redirect_uri":"http://localhost:9005","state":"250846076"}
[debug] [2021-05-08T11:29:20.461Z] <<< HTTP RESPONSE 200 {"server":"GitHub.com","date":"Sat, 08 May 2021 11:29:20 GMT","content-type":"application/json; charset=utf-8","transfer-encoding":"chunked","vary":"X-PJAX, Accept-Encoding, Accept, X-Requested-With","permissions-policy":"interest-cohort=()","etag":"W/\"f1ddbf7d766fdc03cf011fa5028be4d6\"","cache-control":"max-age=0, private, must-revalidate","strict-transport-security":"max-age=31536000; includeSubdomains; preload","x-frame-options":"deny","x-content-type-options":"nosniff","x-xss-protection":"0","referrer-policy":"origin-when-cross-origin, strict-origin-when-cross-origin","expect-ct":"max-age=2592000, report-uri=\"https://api.github.com/_private/browser/errors\"","content-security-policy":"default-src 'none'; base-uri 'self'; block-all-mixed-content; connect-src 'self' uploads.github.com www.githubstatus.com collector.githubapp.com api.github.com github-cloud.s3.amazonaws.com github-production-repository-file-5c1aeb.s3.amazonaws.com github-production-upload-manifest-file-7fdce7.s3.amazonaws.com github-production-user-asset-6210df.s3.amazonaws.com cdn.optimizely.com logx.optimizely.com/v1/events wss://alive.github.com; font-src github.githubassets.com; form-action 'self' github.com gist.github.com; frame-ancestors 'none'; frame-src render.githubusercontent.com; img-src 'self' data: github.githubassets.com identicons.github.com collector.githubapp.com github-cloud.s3.amazonaws.com secured-user-images.githubusercontent.com/ *.githubusercontent.com; manifest-src 'self'; media-src 'none'; script-src github.githubassets.com; style-src 'unsafe-inline' github.githubassets.com; worker-src github.com/socket-worker-3f088aa2.js gist.github.com/socket-worker-3f088aa2.js","x-github-request-id":"7A84:75DE:739794:7EEEEA:60967610"}
[debug] [2021-05-08T11:29:20.470Z] >>> [apiv2][query] GET https://api.github.com/user [none]
[debug] [2021-05-08T11:29:21.209Z] <<< [apiv2][status] GET https://api.github.com/user 200
[debug] [2021-05-08T11:29:21.209Z] <<< [apiv2][body] GET https://api.github.com/user {"login":"maruthi-syn-ack","id":80270578,"node_id":"MDQ6VXNlcjgwMjcwNTc4","avatar_url":"https://avatars.githubusercontent.com/u/80270578?v=4","gravatar_id":"","url":"https://api.github.com/users/maruthi-syn-ack","html_url":"https://github.com/maruthi-syn-ack","followers_url":"https://api.github.com/users/maruthi-syn-ack/followers","following_url":"https://api.github.com/users/maruthi-syn-ack/following{/other_user}","gists_url":"https://api.github.com/users/maruthi-syn-ack/gists{/gist_id}","starred_url":"https://api.github.com/users/maruthi-syn-ack/starred{/owner}{/repo}","subscriptions_url":"https://api.github.com/users/maruthi-syn-ack/subscriptions","organizations_url":"https://api.github.com/users/maruthi-syn-ack/orgs","repos_url":"https://api.github.com/users/maruthi-syn-ack/repos","events_url":"https://api.github.com/users/maruthi-syn-ack/events{/privacy}","received_events_url":"https://api.github.com/users/maruthi-syn-ack/received_events","type":"User","site_admin":false,"name":null,"company":null,"blog":"","location":null,"email":null,"hireable":null,"bio":null,"twitter_username":null,"public_repos":3,"public_gists":0,"followers":0,"following":0,"created_at":"2021-03-08T15:06:48Z","updated_at":"2021-05-08T10:48:01Z","private_gists":0,"total_private_repos":0,"owned_private_repos":0,"disk_usage":16,"collaborators":0,"two_factor_authentication":false,"plan":{"name":"free","space":976562499,"collaborators":0,"private_repos":10000}}
[info] 
[info] ✔  Success! Logged into GitHub as maruthi-syn-ack 
[info] 
[debug] [2021-05-08T11:29:51.957Z] >>> [apiv2][query] GET https://api.github.com/repos/maruthi-syn-ack/Geeks_For_Geeks_SIT/actions/secrets/public-key type=owner
[debug] [2021-05-08T11:29:53.054Z] <<< [apiv2][status] GET https://api.github.com/repos/maruthi-syn-ack/Geeks_For_Geeks_SIT/actions/secrets/public-key 200
[debug] [2021-05-08T11:29:53.054Z] <<< [apiv2][body] GET https://api.github.com/repos/maruthi-syn-ack/Geeks_For_Geeks_SIT/actions/secrets/public-key {"key_id":"568250167242549743","key":"tOtb4IT+HpqJvg4/cGNa6e/2Ux8U7tKZiRkdxG1y+Wc="}
[debug] [2021-05-08T11:29:53.057Z] >>> [apiv2][query] GET https://api.github.com/repos/maruthi-syn-ack/Geeks_For_Geeks_SIT [none]
[debug] [2021-05-08T11:29:54.376Z] <<< [apiv2][status] GET https://api.github.com/repos/maruthi-syn-ack/Geeks_For_Geeks_SIT 200
[debug] [2021-05-08T11:29:54.380Z] <<< [apiv2][body] GET https://api.github.com/repos/maruthi-syn-ack/Geeks_For_Geeks_SIT {"id":365493331,"node_id":"MDEwOlJlcG9zaXRvcnkzNjU0OTMzMzE=","name":"Geeks_For_Geeks_SIT","full_name":"maruthi-syn-ack/Geeks_For_Geeks_SIT","private":false,"owner":{"login":"maruthi-syn-ack","id":80270578,"node_id":"MDQ6VXNlcjgwMjcwNTc4","avatar_url":"https://avatars.githubusercontent.com/u/80270578?v=4","gravatar_id":"","url":"https://api.github.com/users/maruthi-syn-ack","html_url":"https://github.com/maruthi-syn-ack","followers_url":"https://api.github.com/users/maruthi-syn-ack/followers","following_url":"https://api.github.com/users/maruthi-syn-ack/following{/other_user}","gists_url":"https://api.github.com/users/maruthi-syn-ack/gists{/gist_id}","starred_url":"https://api.github.com/users/maruthi-syn-ack/starred{/owner}{/repo}","subscriptions_url":"https://api.github.com/users/maruthi-syn-ack/subscriptions","organizations_url":"https://api.github.com/users/maruthi-syn-ack/orgs","repos_url":"https://api.github.com/users/maruthi-syn-ack/repos","events_url":"https://api.github.com/users/maruthi-syn-ack/events{/privacy}","received_events_url":"https://api.github.com/users/maruthi-syn-ack/received_events","type":"User","site_admin":false},"html_url":"https://github.com/maruthi-syn-ack/Geeks_For_Geeks_SIT","description":null,"fork":false,"url":"https://api.github.com/repos/maruthi-syn-ack/Geeks_For_Geeks_SIT","forks_url":"https://api.github.com/repos/maruthi-syn-ack/Geeks_For_Geeks_SIT/forks","keys_url":"https://api.github.com/repos/maruthi-syn-ack/Geeks_For_Geeks_SIT/keys{/key_id}","collaborators_url":"https://api.github.com/repos/maruthi-syn-ack/Geeks_For_Geeks_SIT/collaborators{/collaborator}","teams_url":"https://api.github.com/repos/maruthi-syn-ack/Geeks_For_Geeks_SIT/teams","hooks_url":"https://api.github.com/repos/maruthi-syn-ack/Geeks_For_Geeks_SIT/hooks","issue_events_url":"https://api.github.com/repos/maruthi-syn-ack/Geeks_For_Geeks_SIT/issues/events{/number}","events_url":"https://api.github.com/repos/maruthi-syn-ack/Geeks_For_Geeks_SIT/events","assignees_url":"https://api.github.com/repos/maruthi-syn-ack/Geeks_For_Geeks_SIT/assignees{/user}","branches_url":"https://api.github.com/repos/maruthi-syn-ack/Geeks_For_Geeks_SIT/branches{/branch}","tags_url":"https://api.github.com/repos/maruthi-syn-ack/Geeks_For_Geeks_SIT/tags","blobs_url":"https://api.github.com/repos/maruthi-syn-ack/Geeks_For_Geeks_SIT/git/blobs{/sha}","git_tags_url":"https://api.github.com/repos/maruthi-syn-ack/Geeks_For_Geeks_SIT/git/tags{/sha}","git_refs_url":"https://api.github.com/repos/maruthi-syn-ack/Geeks_For_Geeks_SIT/git/refs{/sha}","trees_url":"https://api.github.com/repos/maruthi-syn-ack/Geeks_For_Geeks_SIT/git/trees{/sha}","statuses_url":"https://api.github.com/repos/maruthi-syn-ack/Geeks_For_Geeks_SIT/statuses/{sha}","languages_url":"https://api.github.com/repos/maruthi-syn-ack/Geeks_For_Geeks_SIT/languages","stargazers_url":"https://api.github.com/repos/maruthi-syn-ack/Geeks_For_Geeks_SIT/stargazers","contributors_url":"https://api.github.com/repos/maruthi-syn-ack/Geeks_For_Geeks_SIT/contributors","subscribers_url":"https://api.github.com/repos/maruthi-syn-ack/Geeks_For_Geeks_SIT/subscribers","subscription_url":"https://api.github.com/repos/maruthi-syn-ack/Geeks_For_Geeks_SIT/subscription","commits_url":"https://api.github.com/repos/maruthi-syn-ack/Geeks_For_Geeks_SIT/commits{/sha}","git_commits_url":"https://api.github.com/repos/maruthi-syn-ack/Geeks_For_Geeks_SIT/git/commits{/sha}","comments_url":"https://api.github.com/repos/maruthi-syn-ack/Geeks_For_Geeks_SIT/comments{/number}","issue_comment_url":"https://api.github.com/repos/maruthi-syn-ack/Geeks_For_Geeks_SIT/issues/comments{/number}","contents_url":"https://api.github.com/repos/maruthi-syn-ack/Geeks_For_Geeks_SIT/contents/{+path}","compare_url":"https://api.github.com/repos/maruthi-syn-ack/Geeks_For_Geeks_SIT/compare/{base}...{head}","merges_url":"https://api.github.com/repos/maruthi-syn-ack/Geeks_For_Geeks_SIT/merges","archive_url":"https://api.github.com/repos/maruthi-syn-ack/Geeks_For_Geeks_SIT/{archive_format}{/ref}","downloads_url":"https://api.github.com/repos/maruthi-syn-ack/Geeks_For_Geeks_SIT/downloads","issues_url":"https://api.github.com/repos/maruthi-syn-ack/Geeks_For_Geeks_SIT/issues{/number}","pulls_url":"https://api.github.com/repos/maruthi-syn-ack/Geeks_For_Geeks_SIT/pulls{/number}","milestones_url":"https://api.github.com/repos/maruthi-syn-ack/Geeks_For_Geeks_SIT/milestones{/number}","notifications_url":"https://api.github.com/repos/maruthi-syn-ack/Geeks_For_Geeks_SIT/notifications{?since,all,participating}","labels_url":"https://api.github.com/repos/maruthi-syn-ack/Geeks_For_Geeks_SIT/labels{/name}","releases_url":"https://api.github.com/repos/maruthi-syn-ack/Geeks_For_Geeks_SIT/releases{/id}","deployments_url":"https://api.github.com/repos/maruthi-syn-ack/Geeks_For_Geeks_SIT/deployments","created_at":"2021-05-08T11:09:44Z","updated_at":"2021-05-08T11:19:12Z","pushed_at":"2021-05-08T11:19:10Z","git_url":"git://github.com/maruthi-syn-ack/Geeks_For_Geeks_SIT.git","ssh_url":"git@github.com:maruthi-syn-ack/Geeks_For_Geeks_SIT.git","clone_url":"https://github.com/maruthi-syn-ack/Geeks_For_Geeks_SIT.git","svn_url":"https://github.com/maruthi-syn-ack/Geeks_For_Geeks_SIT","homepage":null,"size":0,"stargazers_count":0,"watchers_count":0,"language":"HTML","has_issues":true,"has_projects":true,"has_downloads":true,"has_wiki":true,"has_pages":false,"forks_count":0,"mirror_url":null,"archived":false,"disabled":false,"open_issues_count":0,"license":null,"forks":0,"open_issues":0,"watchers":0,"default_branch":"main","permissions":{"admin":true,"push":true,"pull":true},"temp_clone_token":"","allow_squash_merge":true,"allow_merge_commit":true,"allow_rebase_merge":true,"delete_branch_on_merge":false,"network_count":0,"subscribers_count":1}
[debug] [2021-05-08T11:29:54.389Z] > refreshing access token with scopes: ["email","https://www.googleapis.com/auth/cloud-platform","https://www.googleapis.com/auth/cloudplatformprojects.readonly","https://www.googleapis.com/auth/firebase","openid"]
[debug] [2021-05-08T11:29:54.390Z] >>> HTTP REQUEST POST https://www.googleapis.com/oauth2/v3/token  
 <request body omitted>
[debug] [2021-05-08T11:29:54.749Z] <<< HTTP RESPONSE 200 {"cache-control":"no-cache, no-store, max-age=0, must-revalidate","pragma":"no-cache","expires":"Mon, 01 Jan 1990 00:00:00 GMT","date":"Sat, 08 May 2021 11:29:54 GMT","content-type":"application/json; charset=utf-8","vary":"X-Origin, Referer, Origin,Accept-Encoding","server":"scaffolding on HTTPServer2","x-xss-protection":"0","x-frame-options":"SAMEORIGIN","x-content-type-options":"nosniff","alt-svc":"h3-29=\":443\"; ma=2592000,h3-T051=\":443\"; ma=2592000,h3-Q050=\":443\"; ma=2592000,h3-Q046=\":443\"; ma=2592000,h3-Q043=\":443\"; ma=2592000,quic=\":443\"; ma=2592000; v=\"46,43\"","accept-ranges":"none","transfer-encoding":"chunked"}
[debug] [2021-05-08T11:29:54.764Z] >>> HTTP REQUEST POST https://iam.googleapis.com/v1/projects/gfg-sit-cb73d/serviceAccounts  
 {"accountId":"github-action-365493331","serviceAccount":{"displayName":"GitHub Actions (maruthi-syn-ack/Geeks_For_Geeks_SIT)","description":"A service account with permission to deploy to Firebase Hosting for the GitHub repository maruthi-syn-ack/Geeks_For_Geeks_SIT"}}
[debug] [2021-05-08T11:30:11.073Z] Error: read ECONNRESET
    at TLSWrap.onStreamRead (internal/stream_base_commons.js:111:27)
[error] 
[error] Error: Server Error. read ECONNRESET
